09-02-2021 23:13:08 DEBUG o.s.jdbc.datasource.DataSourceUtils (115) : Fetching JDBC Connection from DataSource
09-02-2021 23:13:09 WARN  o.s.b.a.o.j.JpaBaseConfiguration$JpaWebConfiguration (219) : spring.jpa.open-in-view is enabled by default. Therefore, database queries may be performed during view rendering. Explicitly configure spring.jpa.open-in-view to disable this warning
09-02-2021 23:13:10 DEBUG o.s.jdbc.datasource.DataSourceUtils (115) : Fetching JDBC Connection from DataSource
09-02-2021 23:15:27 DEBUG o.s.jdbc.core.JdbcTemplate (958) : Executing prepared SQL update
09-02-2021 23:15:27 DEBUG o.s.jdbc.core.JdbcTemplate (643) : Executing prepared SQL statement [insert into mss values(?,?,?,?,?,?,?)]
09-02-2021 23:15:27 DEBUG o.s.jdbc.datasource.DataSourceUtils (115) : Fetching JDBC Connection from DataSource
09-02-2021 23:15:27 TRACE o.s.jdbc.core.StatementCreatorUtils (221) : Setting SQL statement parameter value: column index 1, parameter value [333], value class [java.lang.Integer], SQL type unknown
09-02-2021 23:15:27 TRACE o.s.jdbc.core.StatementCreatorUtils (221) : Setting SQL statement parameter value: column index 2, parameter value [gayle], value class [java.lang.String], SQL type unknown
09-02-2021 23:15:27 TRACE o.s.jdbc.core.StatementCreatorUtils (221) : Setting SQL statement parameter value: column index 3, parameter value [30], value class [java.lang.Integer], SQL type unknown
09-02-2021 23:15:27 TRACE o.s.jdbc.core.StatementCreatorUtils (221) : Setting SQL statement parameter value: column index 4, parameter value [2447], value class [java.lang.Integer], SQL type unknown
09-02-2021 23:15:27 TRACE o.s.jdbc.core.StatementCreatorUtils (221) : Setting SQL statement parameter value: column index 5, parameter value [chris@gmail.com], value class [java.lang.String], SQL type unknown
09-02-2021 23:15:27 TRACE o.s.jdbc.core.StatementCreatorUtils (221) : Setting SQL statement parameter value: column index 6, parameter value [ dev], value class [java.lang.String], SQL type unknown
09-02-2021 23:15:27 TRACE o.s.jdbc.core.StatementCreatorUtils (221) : Setting SQL statement parameter value: column index 7, parameter value [13000], value class [java.lang.Integer], SQL type unknown
09-02-2021 23:15:28 TRACE o.s.jdbc.core.JdbcTemplate (967) : SQL update affected 1 rows
09-02-2021 23:16:03 DEBUG o.s.jdbc.core.JdbcTemplate (958) : Executing prepared SQL update
09-02-2021 23:16:03 DEBUG o.s.jdbc.core.JdbcTemplate (643) : Executing prepared SQL statement [insert into mss values(?,?,?,?,?,?,?)]
09-02-2021 23:16:03 DEBUG o.s.jdbc.datasource.DataSourceUtils (115) : Fetching JDBC Connection from DataSource
09-02-2021 23:16:03 TRACE o.s.jdbc.core.StatementCreatorUtils (221) : Setting SQL statement parameter value: column index 1, parameter value [333], value class [java.lang.Integer], SQL type unknown
09-02-2021 23:16:03 TRACE o.s.jdbc.core.StatementCreatorUtils (221) : Setting SQL statement parameter value: column index 2, parameter value [gayle], value class [java.lang.String], SQL type unknown
09-02-2021 23:16:03 TRACE o.s.jdbc.core.StatementCreatorUtils (221) : Setting SQL statement parameter value: column index 3, parameter value [30], value class [java.lang.Integer], SQL type unknown
09-02-2021 23:16:03 TRACE o.s.jdbc.core.StatementCreatorUtils (221) : Setting SQL statement parameter value: column index 4, parameter value [2447], value class [java.lang.Integer], SQL type unknown
09-02-2021 23:16:03 TRACE o.s.jdbc.core.StatementCreatorUtils (221) : Setting SQL statement parameter value: column index 5, parameter value [chris@gmail.com], value class [java.lang.String], SQL type unknown
09-02-2021 23:16:03 TRACE o.s.jdbc.core.StatementCreatorUtils (221) : Setting SQL statement parameter value: column index 6, parameter value [ dev], value class [java.lang.String], SQL type unknown
09-02-2021 23:16:03 TRACE o.s.jdbc.core.StatementCreatorUtils (221) : Setting SQL statement parameter value: column index 7, parameter value [13000], value class [java.lang.Integer], SQL type unknown
09-02-2021 23:16:03 TRACE o.s.j.support.SQLErrorCodesFactory (130) : SQLErrorCodes loaded: [DB2, Derby, H2, HDB, HSQL, Informix, MS-SQL, MySQL, Oracle, PostgreSQL, Sybase]
09-02-2021 23:16:03 DEBUG o.s.j.support.SQLErrorCodesFactory (223) : Looking up default SQLErrorCodes for DataSource [com.zaxxer.hikari.HikariDataSource@1d87efd5]
09-02-2021 23:16:03 DEBUG o.s.jdbc.datasource.DataSourceUtils (115) : Fetching JDBC Connection from DataSource
09-02-2021 23:16:03 DEBUG o.s.j.support.SQLErrorCodesFactory (181) : SQL error codes for 'MySQL' found
09-02-2021 23:16:03 DEBUG o.s.j.support.SQLErrorCodesFactory (267) : Caching SQL error codes for DataSource [com.zaxxer.hikari.HikariDataSource@1d87efd5]: database product name is 'MySQL'
09-02-2021 23:16:03 DEBUG o.s.j.s.SQLErrorCodeSQLExceptionTranslator (407) : Translating SQLException with SQL state '23000', error code '1062', message [Duplicate entry '333' for key 'mss.PRIMARY']; SQL was [insert into mss values(?,?,?,?,?,?,?)] for task [PreparedStatementCallback]
09-02-2021 23:16:03 ERROR o.a.c.c.C.[.[.[.[dispatcherServlet] (175) : Servlet.service() for servlet [dispatcherServlet] in context with path [] threw exception [Request processing failed; nested exception is org.springframework.dao.DuplicateKeyException: PreparedStatementCallback; SQL [insert into mss values(?,?,?,?,?,?,?)]; Duplicate entry '333' for key 'mss.PRIMARY'; nested exception is java.sql.SQLIntegrityConstraintViolationException: Duplicate entry '333' for key 'mss.PRIMARY'] with root cause
java.sql.SQLIntegrityConstraintViolationException: Duplicate entry '333' for key 'mss.PRIMARY'
	at com.mysql.cj.jdbc.exceptions.SQLError.createSQLException(SQLError.java:117)
	at com.mysql.cj.jdbc.exceptions.SQLExceptionsMapping.translateException(SQLExceptionsMapping.java:122)
	at com.mysql.cj.jdbc.ClientPreparedStatement.executeInternal(ClientPreparedStatement.java:953)
	at com.mysql.cj.jdbc.ClientPreparedStatement.executeUpdateInternal(ClientPreparedStatement.java:1092)
	at com.mysql.cj.jdbc.ClientPreparedStatement.executeUpdateInternal(ClientPreparedStatement.java:1040)
	at com.mysql.cj.jdbc.ClientPreparedStatement.executeLargeUpdate(ClientPreparedStatement.java:1350)
	at com.mysql.cj.jdbc.ClientPreparedStatement.executeUpdate(ClientPreparedStatement.java:1025)
	at com.zaxxer.hikari.pool.ProxyPreparedStatement.executeUpdate(ProxyPreparedStatement.java:61)
	at com.zaxxer.hikari.pool.HikariProxyPreparedStatement.executeUpdate(HikariProxyPreparedStatement.java)
	at org.springframework.jdbc.core.JdbcTemplate.lambda$update$2(JdbcTemplate.java:965)
	at org.springframework.jdbc.core.JdbcTemplate.execute(JdbcTemplate.java:651)
	at org.springframework.jdbc.core.JdbcTemplate.update(JdbcTemplate.java:960)
	at org.springframework.jdbc.core.JdbcTemplate.update(JdbcTemplate.java:1015)
	at org.springframework.jdbc.core.JdbcTemplate.update(JdbcTemplate.java:1025)
	at com.example.demo.mss.EmployeeService.insert(EmployeeService.java:62)
	at com.example.demo.mss.EmployeeController.insert(EmployeeController.java:33)
	at java.base/jdk.internal.reflect.NativeMethodAccessorImpl.invoke0(Native Method)
	at java.base/jdk.internal.reflect.NativeMethodAccessorImpl.invoke(NativeMethodAccessorImpl.java:78)
	at java.base/jdk.internal.reflect.DelegatingMethodAccessorImpl.invoke(DelegatingMethodAccessorImpl.java:43)
	at java.base/java.lang.reflect.Method.invoke(Method.java:567)
	at org.springframework.web.method.support.InvocableHandlerMethod.doInvoke(InvocableHandlerMethod.java:197)
	at org.springframework.web.method.support.InvocableHandlerMethod.invokeForRequest(InvocableHandlerMethod.java:141)
	at org.springframework.web.servlet.mvc.method.annotation.ServletInvocableHandlerMethod.invokeAndHandle(ServletInvocableHandlerMethod.java:106)
	at org.springframework.web.servlet.mvc.method.annotation.RequestMappingHandlerAdapter.invokeHandlerMethod(RequestMappingHandlerAdapter.java:895)
	at org.springframework.web.servlet.mvc.method.annotation.RequestMappingHandlerAdapter.handleInternal(RequestMappingHandlerAdapter.java:808)
	at org.springframework.web.servlet.mvc.method.AbstractHandlerMethodAdapter.handle(AbstractHandlerMethodAdapter.java:87)
	at org.springframework.web.servlet.DispatcherServlet.doDispatch(DispatcherServlet.java:1064)
	at org.springframework.web.servlet.DispatcherServlet.doService(DispatcherServlet.java:963)
	at org.springframework.web.servlet.FrameworkServlet.processRequest(FrameworkServlet.java:1006)
	at org.springframework.web.servlet.FrameworkServlet.doPost(FrameworkServlet.java:909)
	at javax.servlet.http.HttpServlet.service(HttpServlet.java:681)
	at org.springframework.web.servlet.FrameworkServlet.service(FrameworkServlet.java:883)
	at javax.servlet.http.HttpServlet.service(HttpServlet.java:764)
	at org.apache.catalina.core.ApplicationFilterChain.internalDoFilter(ApplicationFilterChain.java:227)
	at org.apache.catalina.core.ApplicationFilterChain.doFilter(ApplicationFilterChain.java:162)
	at org.apache.tomcat.websocket.server.WsFilter.doFilter(WsFilter.java:53)
	at org.apache.catalina.core.ApplicationFilterChain.internalDoFilter(ApplicationFilterChain.java:189)
	at org.apache.catalina.core.ApplicationFilterChain.doFilter(ApplicationFilterChain.java:162)
	at org.springframework.web.filter.RequestContextFilter.doFilterInternal(RequestContextFilter.java:100)
	at org.springframework.web.filter.OncePerRequestFilter.doFilter(OncePerRequestFilter.java:119)
	at org.apache.catalina.core.ApplicationFilterChain.internalDoFilter(ApplicationFilterChain.java:189)
	at org.apache.catalina.core.ApplicationFilterChain.doFilter(ApplicationFilterChain.java:162)
	at org.springframework.web.filter.FormContentFilter.doFilterInternal(FormContentFilter.java:93)
	at org.springframework.web.filter.OncePerRequestFilter.doFilter(OncePerRequestFilter.java:119)
	at org.apache.catalina.core.ApplicationFilterChain.internalDoFilter(ApplicationFilterChain.java:189)
	at org.apache.catalina.core.ApplicationFilterChain.doFilter(ApplicationFilterChain.java:162)
	at org.springframework.web.filter.CharacterEncodingFilter.doFilterInternal(CharacterEncodingFilter.java:201)
	at org.springframework.web.filter.OncePerRequestFilter.doFilter(OncePerRequestFilter.java:119)
	at org.apache.catalina.core.ApplicationFilterChain.internalDoFilter(ApplicationFilterChain.java:189)
	at org.apache.catalina.core.ApplicationFilterChain.doFilter(ApplicationFilterChain.java:162)
	at org.apache.catalina.core.StandardWrapperValve.invoke(StandardWrapperValve.java:197)
	at org.apache.catalina.core.StandardContextValve.invoke(StandardContextValve.java:97)
	at org.apache.catalina.authenticator.AuthenticatorBase.invoke(AuthenticatorBase.java:542)
	at org.apache.catalina.core.StandardHostValve.invoke(StandardHostValve.java:135)
	at org.apache.catalina.valves.ErrorReportValve.invoke(ErrorReportValve.java:92)
	at org.apache.catalina.core.StandardEngineValve.invoke(StandardEngineValve.java:78)
	at org.apache.catalina.connector.CoyoteAdapter.service(CoyoteAdapter.java:357)
	at org.apache.coyote.http11.Http11Processor.service(Http11Processor.java:382)
	at org.apache.coyote.AbstractProcessorLight.process(AbstractProcessorLight.java:65)
	at org.apache.coyote.AbstractProtocol$ConnectionHandler.process(AbstractProtocol.java:893)
	at org.apache.tomcat.util.net.NioEndpoint$SocketProcessor.doRun(NioEndpoint.java:1726)
	at org.apache.tomcat.util.net.SocketProcessorBase.run(SocketProcessorBase.java:49)
	at org.apache.tomcat.util.threads.ThreadPoolExecutor.runWorker(ThreadPoolExecutor.java:1191)
	at org.apache.tomcat.util.threads.ThreadPoolExecutor$Worker.run(ThreadPoolExecutor.java:659)
	at org.apache.tomcat.util.threads.TaskThread$WrappingRunnable.run(TaskThread.java:61)
	at java.base/java.lang.Thread.run(Thread.java:831)
09-02-2021 23:16:22 DEBUG o.s.jdbc.core.JdbcTemplate (958) : Executing prepared SQL update
09-02-2021 23:16:22 DEBUG o.s.jdbc.core.JdbcTemplate (643) : Executing prepared SQL statement [insert into mss values(?,?,?,?,?,?,?)]
09-02-2021 23:16:22 DEBUG o.s.jdbc.datasource.DataSourceUtils (115) : Fetching JDBC Connection from DataSource
09-02-2021 23:16:22 TRACE o.s.jdbc.core.StatementCreatorUtils (221) : Setting SQL statement parameter value: column index 1, parameter value [33], value class [java.lang.Integer], SQL type unknown
09-02-2021 23:16:22 TRACE o.s.jdbc.core.StatementCreatorUtils (221) : Setting SQL statement parameter value: column index 2, parameter value [gayle], value class [java.lang.String], SQL type unknown
09-02-2021 23:16:22 TRACE o.s.jdbc.core.StatementCreatorUtils (221) : Setting SQL statement parameter value: column index 3, parameter value [30], value class [java.lang.Integer], SQL type unknown
09-02-2021 23:16:22 TRACE o.s.jdbc.core.StatementCreatorUtils (221) : Setting SQL statement parameter value: column index 4, parameter value [2447], value class [java.lang.Integer], SQL type unknown
09-02-2021 23:16:22 TRACE o.s.jdbc.core.StatementCreatorUtils (221) : Setting SQL statement parameter value: column index 5, parameter value [chris@gmail.com], value class [java.lang.String], SQL type unknown
09-02-2021 23:16:22 TRACE o.s.jdbc.core.StatementCreatorUtils (221) : Setting SQL statement parameter value: column index 6, parameter value [ dev], value class [java.lang.String], SQL type unknown
09-02-2021 23:16:22 TRACE o.s.jdbc.core.StatementCreatorUtils (221) : Setting SQL statement parameter value: column index 7, parameter value [13000], value class [java.lang.Integer], SQL type unknown
09-02-2021 23:16:23 TRACE o.s.jdbc.core.JdbcTemplate (967) : SQL update affected 1 rows
